0 info it worked if it ends with ok
1 verbose cli [ '/usr/local/Cellar/node/7.2.0/bin/node',
1 verbose cli   '/usr/local/bin/npm',
1 verbose cli   'owner',
1 verbose cli   'ls',
1 verbose cli   'testmean' ]
2 info using npm@3.10.9
3 info using node@v7.2.0
4 silly mapToRegistry name testmean
5 silly mapToRegistry using default registry
6 silly mapToRegistry registry https://registry.npmjs.org/
7 silly mapToRegistry data Result {
7 silly mapToRegistry   raw: 'testmean',
7 silly mapToRegistry   scope: null,
7 silly mapToRegistry   escapedName: 'testmean',
7 silly mapToRegistry   name: 'testmean',
7 silly mapToRegistry   rawSpec: '',
7 silly mapToRegistry   spec: 'latest',
7 silly mapToRegistry   type: 'tag' }
8 silly mapToRegistry uri https://registry.npmjs.org/testmean
9 verbose request uri https://registry.npmjs.org/testmean
10 verbose request no auth needed
11 info attempt registry request try #1 at 4:05:19 PM
12 verbose request id 48a0af4cfc223da3
13 http request GET https://registry.npmjs.org/testmean
14 http 404 https://registry.npmjs.org/testmean
15 verbose headers { 'content-type': 'application/json',
15 verbose headers   'cache-control': 'max-age=0',
15 verbose headers   'content-length': '2',
15 verbose headers   'accept-ranges': 'bytes',
15 verbose headers   date: 'Tue, 29 Nov 2016 20:58:13 GMT',
15 verbose headers   via: '1.1 varnish',
15 verbose headers   age: '0',
15 verbose headers   connection: 'keep-alive',
15 verbose headers   'x-served-by': 'cache-jfk8140-JFK',
15 verbose headers   'x-cache': 'MISS',
15 verbose headers   'x-cache-hits': '0',
15 verbose headers   'x-timer': 'S1480453092.817335,VS0,VE330',
15 verbose headers   vary: 'Accept-Encoding' }
16 silly get cb [ 404,
16 silly get   { 'content-type': 'application/json',
16 silly get     'cache-control': 'max-age=0',
16 silly get     'content-length': '2',
16 silly get     'accept-ranges': 'bytes',
16 silly get     date: 'Tue, 29 Nov 2016 20:58:13 GMT',
16 silly get     via: '1.1 varnish',
16 silly get     age: '0',
16 silly get     connection: 'keep-alive',
16 silly get     'x-served-by': 'cache-jfk8140-JFK',
16 silly get     'x-cache': 'MISS',
16 silly get     'x-cache-hits': '0',
16 silly get     'x-timer': 'S1480453092.817335,VS0,VE330',
16 silly get     vary: 'Accept-Encoding' } ]
17 error owner ls Couldn't get owner data testmean
18 verbose stack Error: Registry returned 404 for GET on https://registry.npmjs.org/testmean
18 verbose stack     at makeError (/usr/local/lib/node_modules/npm/node_modules/npm-registry-client/lib/request.js:302:12)
18 verbose stack     at CachingRegistryClient.<anonymous> (/usr/local/lib/node_modules/npm/node_modules/npm-registry-client/lib/request.js:280:14)
18 verbose stack     at Request._callback (/usr/local/lib/node_modules/npm/node_modules/npm-registry-client/lib/request.js:210:14)
18 verbose stack     at Request.self.callback (/usr/local/lib/node_modules/npm/node_modules/request/request.js:187:22)
18 verbose stack     at emitTwo (events.js:106:13)
18 verbose stack     at Request.emit (events.js:191:7)
18 verbose stack     at Request.<anonymous> (/usr/local/lib/node_modules/npm/node_modules/request/request.js:1048:10)
18 verbose stack     at emitOne (events.js:96:13)
18 verbose stack     at Request.emit (events.js:188:7)
18 verbose stack     at IncomingMessage.<anonymous> (/usr/local/lib/node_modules/npm/node_modules/request/request.js:969:12)
19 verbose statusCode 404
20 verbose pkgid testmean
21 verbose cwd /Users/christophernobles/Dev/TestMEAN
22 error Darwin 15.6.0
23 error argv "/usr/local/Cellar/node/7.2.0/bin/node" "/usr/local/bin/npm" "owner" "ls" "testmean"
24 error node v7.2.0
25 error npm  v3.10.9
26 error code E404
27 error 404 Registry returned 404 for GET on https://registry.npmjs.org/testmean
28 error 404
29 error 404 'testmean' is not in the npm registry.
30 error 404 You should bug the author to publish it (or use the name yourself!)
31 error 404 Note that you can also install from a
32 error 404 tarball, folder, http url, or git url.
33 verbose exit [ 1, true ]
